# JRE version: Java(TM) SE Runtime Environment (8.0_192-b12) (build 1.8.0_192-b12)
# Java VM: Java HotSpot(TM) Client VM (25.192-b12 mixed mode windows-x86 )
Heap:
 def new generation   total 6272K, used 1120K [0x04000000, 0x046c0000, 0x09550000)
  eden space 5632K,   8% used [0x04000000, 0x040782d8, 0x04580000)
  from space 640K, 100% used [0x04580000, 0x04620000, 0x04620000)
  to   space 640K,   0% used [0x04620000, 0x04620000, 0x046c0000)
 tenured generation   total 13680K, used 10433K [0x09550000, 0x0a2ac000, 0x14000000)
   the space 13680K,  76% used [0x09550000, 0x09f806c8, 0x09f80800, 0x0a2ac000)
 Metaspace       used 16998K, capacity 17742K, committed 17920K, reserved 18816K
GC Heap History (10 events):
Event: 6.746 GC heap before
{Heap before GC invocations=6 (full 0):
 def new generation   total 4928K, used 4790K [0x04000000, 0x04550000, 0x09550000)
  eden space 4416K, 100% used [0x04000000, 0x04450000, 0x04450000)
  from space 512K,  73% used [0x04450000, 0x044ad8e0, 0x044d0000)
  to   space 512K,   0% used [0x044d0000, 0x044d0000, 0x04550000)
 tenured generation   total 10944K, used 3689K [0x09550000, 0x0a000000, 0x14000000)
   the space 10944K,  33% used [0x09550000, 0x098ea770, 0x098ea800, 0x0a000000)
 Metaspace       used 9875K, capacity 10496K, committed 10624K, reserved 10624K
Event: 6.757 GC heap after
Heap after GC invocations=7 (full 0):
 def new generation   total 4928K, used 512K [0x04000000, 0x04550000, 0x09550000)
  eden space 4416K,   0% used [0x04000000, 0x04000000, 0x04450000)
  from space 512K, 100% used [0x044d0000, 0x04550000, 0x04550000)
  to   space 512K,   0% used [0x04450000, 0x04450000, 0x044d0000)
 tenured generation   total 10944K, used 4255K [0x09550000, 0x0a000000, 0x14000000)
   the space 10944K,  38% used [0x09550000, 0x09977e78, 0x09978000, 0x0a000000)
 Metaspace       used 9875K, capacity 10496K, committed 10624K, reserved 10624K
}
Event: 7.000 GC heap before
{Heap before GC invocations=7 (full 0):
 def new generation   total 4928K, used 4928K [0x04000000, 0x04550000, 0x09550000)
  eden space 4416K, 100% used [0x04000000, 0x04450000, 0x04450000)
  from space 512K, 100% used [0x044d0000, 0x04550000, 0x04550000)
  to   space 512K,   0% used [0x04450000, 0x04450000, 0x044d0000)
 tenured generation   total 10944K, used 4255K [0x09550000, 0x0a000000, 0x14000000)
   the space 10944K,  38% used [0x09550000, 0x09977e78, 0x09978000, 0x0a000000)
 Metaspace       used 10212K, capacity 10822K, committed 10880K, reserved 11648K
Event: 7.012 GC heap after
Heap after GC invocations=8 (full 0):
 def new generation   total 4928K, used 121K [0x04000000, 0x04550000, 0x09550000)
  eden space 4416K,   0% used [0x04000000, 0x04000000, 0x04450000)
  from space 512K,  23% used [0x04450000, 0x0446e648, 0x044d0000)
  to   space 512K,   0% used [0x044d0000, 0x044d0000, 0x04550000)
 tenured generation   total 10944K, used 7829K [0x09550000, 0x0a000000, 0x14000000)
   the space 10944K,  71% used [0x09550000, 0x09cf57b0, 0x09cf5800, 0x0a000000)
 Metaspace       used 10212K, capacity 10822K, committed 10880K, reserved 11648K
}
Event: 16.548 GC heap before
{Heap before GC invocations=8 (full 0):
 def new generation   total 4928K, used 2974K [0x04000000, 0x04550000, 0x09550000)
  eden space 4416K,  64% used [0x04000000, 0x042c9280, 0x04450000)
  from space 512K,  23% used [0x04450000, 0x0446e648, 0x044d0000)
  to   space 512K,   0% used [0x044d0000, 0x044d0000, 0x04550000)
 tenured generation   total 10944K, used 7829K [0x09550000, 0x0a000000, 0x14000000)
   the space 10944K,  71% used [0x09550000, 0x09cf57b0, 0x09cf5800, 0x0a000000)
 Metaspace       used 11594K, capacity 12243K, committed 12288K, reserved 12672K
Event: 16.582 GC heap after
Heap after GC invocations=9 (full 1):
 def new generation   total 6272K, used 0K [0x04000000, 0x046c0000, 0x09550000)
  eden space 5632K,   0% used [0x04000000, 0x04000000, 0x04580000)
  from space 640K,   0% used [0x04580000, 0x04580000, 0x04620000)
  to   space 640K,   0% used [0x04620000, 0x04620000, 0x046c0000)
 tenured generation   total 13680K, used 8207K [0x09550000, 0x0a2ac000, 0x14000000)
   the space 13680K,  59% used [0x09550000, 0x09d53ce0, 0x09d53e00, 0x0a2ac000)
 Metaspace       used 11594K, capacity 12243K, committed 12288K, reserved 12672K
}
Event: 39.932 GC heap before
{Heap before GC invocations=9 (full 1):
 def new generation   total 6272K, used 5632K [0x04000000, 0x046c0000, 0x09550000)
  eden space 5632K, 100% used [0x04000000, 0x04580000, 0x04580000)
  from space 640K,   0% used [0x04580000, 0x04580000, 0x04620000)
  to   space 640K,   0% used [0x04620000, 0x04620000, 0x046c0000)
 tenured generation   total 13680K, used 8207K [0x09550000, 0x0a2ac000, 0x14000000)
   the space 13680K,  59% used [0x09550000, 0x09d53ce0, 0x09d53e00, 0x0a2ac000)
 Metaspace       used 15536K, capacity 16227K, committed 16384K, reserved 16768K
Event: 39.945 GC heap after
Heap after GC invocations=10 (full 1):
 def new generation   total 6272K, used 640K [0x04000000, 0x046c0000, 0x09550000)
  eden space 5632K,   0% used [0x04000000, 0x04000000, 0x04580000)
  from space 640K, 100% used [0x04620000, 0x046c0000, 0x046c0000)
  to   space 640K,   0% used [0x04580000, 0x04580000, 0x04620000)
 tenured generation   total 13680K, used 9311K [0x09550000, 0x0a2ac000, 0x14000000)
   the space 13680K,  68% used [0x09550000, 0x09e67ee0, 0x09e68000, 0x0a2ac000)
 Metaspace       used 15536K, capacity 16227K, committed 16384K, reserved 16768K
}
Event: 47.626 GC heap before
{Heap before GC invocations=10 (full 1):
 def new generation   total 6272K, used 6272K [0x04000000, 0x046c0000, 0x09550000)
  eden space 5632K, 100% used [0x04000000, 0x04580000, 0x04580000)
  from space 640K, 100% used [0x04620000, 0x046c0000, 0x046c0000)
  to   space 640K,   0% used [0x04580000, 0x04580000, 0x04620000)
 tenured generation   total 13680K, used 9311K [0x09550000, 0x0a2ac000, 0x14000000)
   the space 13680K,  68% used [0x09550000, 0x09e67ee0, 0x09e68000, 0x0a2ac000)
 Metaspace       used 16964K, capacity 17700K, committed 17792K, reserved 17792K
Event: 47.641 GC heap after
Heap after GC invocations=11 (full 1):
 def new generation   total 6272K, used 640K [0x04000000, 0x046c0000, 0x09550000)
  eden space 5632K,   0% used [0x04000000, 0x04000000, 0x04580000)
  from space 640K, 100% used [0x04580000, 0x04620000, 0x04620000)
  to   space 640K,   0% used [0x04620000, 0x04620000, 0x046c0000)
 tenured generation   total 13680K, used 10433K [0x09550000, 0x0a2ac000, 0x14000000)
   the space 13680K,  76% used [0x09550000, 0x09f806c8, 0x09f80800, 0x0a2ac000)
 Metaspace       used 16964K, capacity 17700K, committed 17792K, reserved 17792K
}

