# JRE version: Java(TM) SE Runtime Environment (8.0_192-b12) (build 1.8.0_192-b12)
# Java VM: Java HotSpot(TM) Client VM (25.192-b12 mixed mode windows-x86 )
Heap:
 def new generation   total 6272K, used 5866K [0x04400000, 0x04ac0000, 0x09950000)
  eden space 5632K,  92% used [0x04400000, 0x0491aa50, 0x04980000)
  from space 640K, 100% used [0x04a20000, 0x04ac0000, 0x04ac0000)
  to   space 640K,   0% used [0x04980000, 0x04980000, 0x04a20000)
 tenured generation   total 13672K, used 9376K [0x09950000, 0x0a6aa000, 0x14400000)
   the space 13672K,  68% used [0x09950000, 0x0a278088, 0x0a278200, 0x0a6aa000)
 Metaspace       used 16998K, capacity 17742K, committed 17792K, reserved 17792K
GC Heap History (10 events):
Event: 6.591 GC heap before
{Heap before GC invocations=5 (full 0):
 def new generation   total 4928K, used 4928K [0x04400000, 0x04950000, 0x09950000)
  eden space 4416K, 100% used [0x04400000, 0x04850000, 0x04850000)
  from space 512K, 100% used [0x048d0000, 0x04950000, 0x04950000)
  to   space 512K,   0% used [0x04850000, 0x04850000, 0x048d0000)
 tenured generation   total 10944K, used 3192K [0x09950000, 0x0a400000, 0x14400000)
   the space 10944K,  29% used [0x09950000, 0x09c6e2e0, 0x09c6e400, 0x0a400000)
 Metaspace       used 9125K, capacity 9632K, committed 9728K, reserved 10624K
Event: 6.597 GC heap after
Heap after GC invocations=6 (full 0):
 def new generation   total 4928K, used 374K [0x04400000, 0x04950000, 0x09950000)
  eden space 4416K,   0% used [0x04400000, 0x04400000, 0x04850000)
  from space 512K,  73% used [0x04850000, 0x048ad8b0, 0x048d0000)
  to   space 512K,   0% used [0x048d0000, 0x048d0000, 0x04950000)
 tenured generation   total 10944K, used 3689K [0x09950000, 0x0a400000, 0x14400000)
   the space 10944K,  33% used [0x09950000, 0x09cea6c0, 0x09cea800, 0x0a400000)
 Metaspace       used 9125K, capacity 9632K, committed 9728K, reserved 10624K
}
Event: 7.189 GC heap before
{Heap before GC invocations=6 (full 0):
 def new generation   total 4928K, used 4790K [0x04400000, 0x04950000, 0x09950000)
  eden space 4416K, 100% used [0x04400000, 0x04850000, 0x04850000)
  from space 512K,  73% used [0x04850000, 0x048ad8b0, 0x048d0000)
  to   space 512K,   0% used [0x048d0000, 0x048d0000, 0x04950000)
 tenured generation   total 10944K, used 3689K [0x09950000, 0x0a400000, 0x14400000)
   the space 10944K,  33% used [0x09950000, 0x09cea6c0, 0x09cea800, 0x0a400000)
 Metaspace       used 9881K, capacity 10457K, committed 10496K, reserved 10624K
Event: 7.197 GC heap after
Heap after GC invocations=7 (full 0):
 def new generation   total 4928K, used 512K [0x04400000, 0x04950000, 0x09950000)
  eden space 4416K,   0% used [0x04400000, 0x04400000, 0x04850000)
  from space 512K, 100% used [0x048d0000, 0x04950000, 0x04950000)
  to   space 512K,   0% used [0x04850000, 0x04850000, 0x048d0000)
 tenured generation   total 10944K, used 4257K [0x09950000, 0x0a400000, 0x14400000)
   the space 10944K,  38% used [0x09950000, 0x09d784f8, 0x09d78600, 0x0a400000)
 Metaspace       used 9881K, capacity 10457K, committed 10496K, reserved 10624K
}
Event: 7.461 GC heap before
{Heap before GC invocations=7 (full 0):
 def new generation   total 4928K, used 4928K [0x04400000, 0x04950000, 0x09950000)
  eden space 4416K, 100% used [0x04400000, 0x04850000, 0x04850000)
  from space 512K, 100% used [0x048d0000, 0x04950000, 0x04950000)
  to   space 512K,   0% used [0x04850000, 0x04850000, 0x048d0000)
 tenured generation   total 10944K, used 4257K [0x09950000, 0x0a400000, 0x14400000)
   the space 10944K,  38% used [0x09950000, 0x09d784f8, 0x09d78600, 0x0a400000)
 Metaspace       used 10202K, capacity 10822K, committed 10880K, reserved 11648K
Event: 7.474 GC heap after
Heap after GC invocations=8 (full 0):
 def new generation   total 4928K, used 114K [0x04400000, 0x04950000, 0x09950000)
  eden space 4416K,   0% used [0x04400000, 0x04400000, 0x04850000)
  from space 512K,  22% used [0x04850000, 0x0486ca98, 0x048d0000)
  to   space 512K,   0% used [0x048d0000, 0x048d0000, 0x04950000)
 tenured generation   total 10944K, used 7839K [0x09950000, 0x0a400000, 0x14400000)
   the space 10944K,  71% used [0x09950000, 0x0a0f7f80, 0x0a0f8000, 0x0a400000)
 Metaspace       used 10202K, capacity 10822K, committed 10880K, reserved 11648K
}
Event: 11.005 GC heap before
{Heap before GC invocations=8 (full 0):
 def new generation   total 4928K, used 1890K [0x04400000, 0x04950000, 0x09950000)
  eden space 4416K,  40% used [0x04400000, 0x045bc0f8, 0x04850000)
  from space 512K,  22% used [0x04850000, 0x0486ca98, 0x048d0000)
  to   space 512K,   0% used [0x048d0000, 0x048d0000, 0x04950000)
 tenured generation   total 10944K, used 7839K [0x09950000, 0x0a400000, 0x14400000)
   the space 10944K,  71% used [0x09950000, 0x0a0f7f80, 0x0a0f8000, 0x0a400000)
 Metaspace       used 11591K, capacity 12241K, committed 12288K, reserved 12672K
Event: 11.039 GC heap after
Heap after GC invocations=9 (full 1):
 def new generation   total 6272K, used 0K [0x04400000, 0x04ac0000, 0x09950000)
  eden space 5632K,   0% used [0x04400000, 0x04400000, 0x04980000)
  from space 640K,   0% used [0x04980000, 0x04980000, 0x04a20000)
  to   space 640K,   0% used [0x04a20000, 0x04a20000, 0x04ac0000)
 tenured generation   total 13672K, used 8200K [0x09950000, 0x0a6aa000, 0x14400000)
   the space 13672K,  59% used [0x09950000, 0x0a1523b0, 0x0a152400, 0x0a6aa000)
 Metaspace       used 11591K, capacity 12241K, committed 12288K, reserved 12672K
}
Event: 65.929 GC heap before
{Heap before GC invocations=9 (full 1):
 def new generation   total 6272K, used 5632K [0x04400000, 0x04ac0000, 0x09950000)
  eden space 5632K, 100% used [0x04400000, 0x04980000, 0x04980000)
  from space 640K,   0% used [0x04980000, 0x04980000, 0x04a20000)
  to   space 640K,   0% used [0x04a20000, 0x04a20000, 0x04ac0000)
 tenured generation   total 13672K, used 8200K [0x09950000, 0x0a6aa000, 0x14400000)
   the space 13672K,  59% used [0x09950000, 0x0a1523b0, 0x0a152400, 0x0a6aa000)
 Metaspace       used 15544K, capacity 16227K, committed 16384K, reserved 16768K
Event: 65.939 GC heap after
Heap after GC invocations=10 (full 1):
 def new generation   total 6272K, used 640K [0x04400000, 0x04ac0000, 0x09950000)
  eden space 5632K,   0% used [0x04400000, 0x04400000, 0x04980000)
  from space 640K, 100% used [0x04a20000, 0x04ac0000, 0x04ac0000)
  to   space 640K,   0% used [0x04980000, 0x04980000, 0x04a20000)
 tenured generation   total 13672K, used 9376K [0x09950000, 0x0a6aa000, 0x14400000)
   the space 13672K,  68% used [0x09950000, 0x0a278088, 0x0a278200, 0x0a6aa000)
 Metaspace       used 15544K, capacity 16227K, committed 16384K, reserved 16768K
}

